<?xml version="1.0" encoding="UTF-8"?>
<!-- Generated by org.testng.reporters.JUnitReportReporter -->
<testsuite hostname="DESKTOP-R92G0CB" failures="0" tests="4" name="testcases.SuperAdminHomePageTest" time="72.795" errors="0" timestamp="2024-05-31T14:59:39 SGT" skipped="0">
  <testcase classname="testcases.SuperAdminHomePageTest" name="ViewAirManifestPageTest" time="18.095"/>
  <system-out/>
  <testcase classname="testcases.SuperAdminHomePageTest" name="ViewSeaManifestPageTest" time="17.465"/>
  <system-out/>
  <testcase classname="testcases.SuperAdminHomePageTest" name="ViewLandManifestPageTest" time="19.342"/>
  <system-out/>
  <testcase classname="testcases.SuperAdminHomePageTest" name="ViewHomePageTest" time="17.893"/>
  <system-out/>
</testsuite> <!-- testcases.SuperAdminHomePageTest -->
