<?xml version="1.0" encoding="UTF-8"?>
<!-- Generated by org.testng.reporters.JUnitReportReporter -->
<testsuite hostname="DESKTOP-R92G0CB" failures="0" tests="3" name="testcases.LoginPageTest" time="62.134" errors="0" timestamp="2024-06-08T12:34:36 SGT" skipped="0">
  <testcase classname="testcases.LoginPageTest" name="loginTest" time="17.768"/>
  <system-out/>
  <testcase classname="testcases.LoginPageTest" name="loginTest" time="11.330"/>
  <system-out/>
  <testcase classname="testcases.LoginPageTest" name="loginTest" time="33.036"/>
  <system-out/>
</testsuite> <!-- testcases.LoginPageTest -->
