<?xml version="1.0" encoding="UTF-8"?>
<!-- Generated by org.testng.reporters.JUnitReportReporter -->
<testsuite hostname="DESKTOP-R92G0CB" failures="0" tests="1" name="testcases.DVWASecurityPageTest" time="7.028" errors="0" timestamp="2024-06-08T12:27:46 SGT" skipped="0">
  <testcase classname="testcases.DVWASecurityPageTest" name="SelectDVWASecurityLOWPageTest" time="7.028"/>
  <system-out/>
</testsuite> <!-- testcases.DVWASecurityPageTest -->
