<?xml version="1.0" encoding="UTF-8"?>
<!-- Generated by org.testng.reporters.JUnitReportReporter -->
<testsuite hostname="DESKTOP-R92G0CB" failures="0" tests="3" name="testcases.BruteForcePageTest" time="33.129" errors="0" timestamp="2024-06-08T12:27:46 SGT" skipped="0">
  <testcase classname="testcases.BruteForcePageTest" name="LoginBruteForcePageTest" time="9.678"/>
  <system-out/>
  <testcase classname="testcases.BruteForcePageTest" name="LoginBruteForcePageTest" time="10.005"/>
  <system-out/>
  <testcase classname="testcases.BruteForcePageTest" name="LoginBruteForcePageTest" time="13.446"/>
  <system-out/>
</testsuite> <!-- testcases.BruteForcePageTest -->
