<?xml version="1.0" encoding="UTF-8"?>
<!-- Generated by org.testng.reporters.JUnitReportReporter -->
<testsuite hostname="DESKTOP-R92G0CB" failures="0" tests="3" name="testcases.BruteForcePageTest" time="40.597" errors="0" timestamp="2024-06-07T16:34:52 SGT" skipped="0">
  <testcase classname="testcases.BruteForcePageTest" name="LoginBruteForcePageTest" time="14.613"/>
  <system-out/>
  <testcase classname="testcases.BruteForcePageTest" name="LoginBruteForcePageTest" time="12.570"/>
  <system-out/>
  <testcase classname="testcases.BruteForcePageTest" name="LoginBruteForcePageTest" time="13.414"/>
  <system-out/>
</testsuite> <!-- testcases.BruteForcePageTest -->
