<?xml version="1.0" encoding="UTF-8"?>
<!-- Generated by org.testng.reporters.JUnitReportReporter -->
<testsuite hostname="DESKTOP-R92G0CB" failures="0" tests="4" name="testcases.HomePageTest" time="34.984" errors="0" timestamp="2024-06-08T12:27:46 SGT" skipped="0">
  <testcase classname="testcases.HomePageTest" name="clickDVWASecurityPageTest" time="8.320"/>
  <system-out/>
  <testcase classname="testcases.HomePageTest" name="clickCommandInjectionPageTest" time="7.365"/>
  <system-out/>
  <testcase classname="testcases.HomePageTest" name="clickBruteForcePageTest" time="9.053"/>
  <system-out/>
  <testcase classname="testcases.HomePageTest" name="clickInstructionsPageTest" time="10.246"/>
  <system-out/>
</testsuite> <!-- testcases.HomePageTest -->
