<?xml version="1.0" encoding="UTF-8"?>
<!-- Generated by org.testng.reporters.JUnitReportReporter -->
<testsuite hostname="DESKTOP-R92G0CB" failures="0" tests="2" name="testcases.HomePageTest" time="15.952" errors="0" timestamp="2024-06-07T16:34:52 SGT" skipped="0">
  <testcase classname="testcases.HomePageTest" name="clickInstructionsPageTest" time="8.174"/>
  <system-out/>
  <testcase classname="testcases.HomePageTest" name="clickBruteForcePageTest" time="7.778"/>
  <system-out/>
</testsuite> <!-- testcases.HomePageTest -->
