<?xml version="1.0" encoding="UTF-8"?>
<!-- Generated by org.testng.reporters.JUnitReportReporter -->
<testsuite hostname="DESKTOP-R92G0CB" failures="0" tests="1" name="testcases.LoginPageTest" time="10.014" errors="0" timestamp="2024-06-08T12:27:46 SGT" skipped="0">
  <testcase classname="testcases.LoginPageTest" name="loginTest" time="10.014"/>
  <system-out/>
</testsuite> <!-- testcases.LoginPageTest -->
