<?xml version="1.0" encoding="UTF-8"?>
<!-- Generated by org.testng.reporters.JUnitReportReporter -->
<testsuite hostname="DESKTOP-R92G0CB" failures="0" tests="1" name="com.phlpost.testcases.IndexPageTest" time="20.999" errors="0" timestamp="2024-06-06T13:12:26 SGT" skipped="0">
  <testcase classname="com.phlpost.testcases.IndexPageTest" name="selectAdmin" time="20.999"/>
  <system-out/>
</testsuite> <!-- com.phlpost.testcases.IndexPageTest -->
