<?xml version="1.0" encoding="UTF-8"?>
<!-- Generated by org.testng.reporters.JUnitReportReporter -->
<testsuite hostname="DESKTOP-R92G0CB" failures="0" tests="1" name="testcases.InstructionsPageTest" time="14.574" errors="0" timestamp="2024-06-07T16:34:52 SGT" skipped="0">
  <testcase classname="testcases.InstructionsPageTest" name="clickInstructionsPageTest" time="14.574"/>
  <system-out/>
</testsuite> <!-- testcases.InstructionsPageTest -->
