<?xml version="1.0" encoding="UTF-8"?>
<!-- Generated by org.testng.reporters.JUnitReportReporter -->
<testsuite hostname="DESKTOP-R92G0CB" failures="0" tests="1" name="testcases.IndexPageTest" time="39.629" errors="0" timestamp="2024-06-05T11:43:23 SGT" skipped="0">
  <testcase classname="testcases.IndexPageTest" name="selectSuperAdmin" time="39.629"/>
  <system-out/>
</testsuite> <!-- testcases.IndexPageTest -->
